        -:    0:Source:div.c
        -:    0:Graph:div.gcno
        -:    0:Data:div.gcda
        -:    0:Runs:1
        -:    0:Programs:1
        -:    1:#include <stdio.h>
        -:    2:
        1:    3:int main (void)
        -:    4:{
        -:    5:				int i;
       10:    6:				for (i = 1; i < 10; i++)
        -:    7:				{
        9:    8:								if (i % 3 == 0)
        3:    9:												printf ("%d is divisible by 3\n", i);
        9:   10:								if (i % 11 == 0)
    #####:   11:												printf ("%d is divisible by 11\n", i);
        -:   12:				}
        -:   13:
        1:   14:				return 0;
        -:   15:}
