        -:    0:Source:for.c
        -:    0:Graph:for.gcno
        -:    0:Data:for.gcda
        -:    0:Runs:1
        -:    0:Programs:1
        -:    1:#include <stdio.h>
        -:    2:
        1:    3:int main(void)
        -:    4:{
        1:    5:	int count =0;
       12:    6:	for(count=0;count<=10;count++)
        -:    7:	{
       11:    8:		printf("Hi\n");
        -:    9:	}
        1:   10:	count = 0;
       13:   11:	while(count <=10)
        -:   12:	{
       11:   13:		printf("hi\n");
       11:   14:    count++;
        -:   15:
        -:   16:	}
        1:   17:	return 0;
        -:   18:}
